sample.interval=100000
"vec_expand_grid" "expand_grid" "mutate" "filter" ".External2" "%>%" "initial_mortality_rate_func" 
"vec_expand_grid" "expand_grid" "mutate" "filter" ".External2" "%>%" "initial_mortality_rate_func" 
"vec_expand_grid" "expand_grid" "mutate" "filter" ".External2" "%>%" "initial_mortality_rate_func" 
"vec_expand_grid" "expand_grid" "mutate" "filter" ".External2" "%>%" "initial_mortality_rate_func" 
"vec_expand_grid" "expand_grid" "mutate" "filter" ".External2" "%>%" "initial_mortality_rate_func" 
"+" ".Call" "eval" "mask$eval_all_mutate" "mutate_col" "withCallingHandlers" "mutate_cols" "mutate.data.frame" "mutate" "filter" ".External2" "%>%" "initial_mortality_rate_func" 
"+" ".Call" "eval" "mask$eval_all_mutate" "mutate_col" "withCallingHandlers" "mutate_cols" "mutate.data.frame" "mutate" "filter" ".External2" "%>%" "initial_mortality_rate_func" 
"+" ".Call" "eval" "mask$eval_all_mutate" "mutate_col" "withCallingHandlers" "mutate_cols" "mutate.data.frame" "mutate" "filter" ".External2" "%>%" "initial_mortality_rate_func" 
"-" ".Call" "eval" "mask$eval_all_mutate" "mutate_col" "withCallingHandlers" "mutate_cols" "mutate.data.frame" "mutate" "filter" ".External2" "%>%" "initial_mortality_rate_func" 
"-" ".Call" "eval" "mask$eval_all_mutate" "mutate_col" "withCallingHandlers" "mutate_cols" "mutate.data.frame" "mutate" "filter" ".External2" "%>%" "initial_mortality_rate_func" 
"-" ".Call" "eval" "mask$eval_all_mutate" "mutate_col" "withCallingHandlers" "mutate_cols" "mutate.data.frame" "mutate" "filter" ".External2" "%>%" "initial_mortality_rate_func" 
"-" ".Call" "eval" "mask$eval_all_mutate" "mutate_col" "withCallingHandlers" "mutate_cols" "mutate.data.frame" "mutate" "filter" ".External2" "%>%" "initial_mortality_rate_func" 
"-" ".Call" "eval" "mask$eval_all_mutate" "mutate_col" "withCallingHandlers" "mutate_cols" "mutate.data.frame" "mutate" "filter" ".External2" "%>%" "initial_mortality_rate_func" 
"<=" ".Call" "eval" "mask$eval_all_filter" "withCallingHandlers" "filter_eval" "filter_rows" "filter.data.frame" "filter" ".External2" "%>%" "initial_mortality_rate_func" 
"<=" ".Call" "eval" "mask$eval_all_filter" "withCallingHandlers" "filter_eval" "filter_rows" "filter.data.frame" "filter" ".External2" "%>%" "initial_mortality_rate_func" 
".Call" "eval" "mask$eval_all_filter" "withCallingHandlers" "filter_eval" "filter_rows" "filter.data.frame" "filter" ".External2" "%>%" "initial_mortality_rate_func" 
"%in%" ".Call" "eval" "mask$eval_all_filter" "withCallingHandlers" "filter_eval" "filter_rows" "filter.data.frame" "filter" ".External2" "%>%" "initial_mortality_rate_func" 
"%in%" ".Call" "eval" "mask$eval_all_filter" "withCallingHandlers" "filter_eval" "filter_rows" "filter.data.frame" "filter" ".External2" "%>%" "initial_mortality_rate_func" 
"%in%" ".Call" "eval" "mask$eval_all_filter" "withCallingHandlers" "filter_eval" "filter_rows" "filter.data.frame" "filter" ".External2" "%>%" "initial_mortality_rate_func" 
"%in%" ".Call" "eval" "mask$eval_all_filter" "withCallingHandlers" "filter_eval" "filter_rows" "filter.data.frame" "filter" ".External2" "%>%" "initial_mortality_rate_func" 
"%in%" ".Call" "eval" "mask$eval_all_filter" "withCallingHandlers" "filter_eval" "filter_rows" "filter.data.frame" "filter" ".External2" "%>%" "initial_mortality_rate_func" 
"%in%" ".Call" "eval" "mask$eval_all_filter" "withCallingHandlers" "filter_eval" "filter_rows" "filter.data.frame" "filter" ".External2" "%>%" "initial_mortality_rate_func" 
"%in%" ".Call" "eval" "mask$eval_all_filter" "withCallingHandlers" "filter_eval" "filter_rows" "filter.data.frame" "filter" ".External2" "%>%" "initial_mortality_rate_func" 
"%in%" ".Call" "eval" "mask$eval_all_filter" "withCallingHandlers" "filter_eval" "filter_rows" "filter.data.frame" "filter" ".External2" "%>%" "initial_mortality_rate_func" 
".Call" "eval" "mask$eval_all_filter" "withCallingHandlers" "filter_eval" "filter_rows" "filter.data.frame" "filter" ".External2" "%>%" "initial_mortality_rate_func" 
"vec_slice" ".row_names_info" "%||%" "dplyr_new_data_frame" "dplyr_reconstruct" "dplyr_row_slice.data.frame" "dplyr_row_slice" "filter.data.frame" "filter" ".External2" "%>%" "initial_mortality_rate_func" 
"vec_slice" ".row_names_info" "%||%" "dplyr_new_data_frame" "dplyr_reconstruct" "dplyr_row_slice.data.frame" "dplyr_row_slice" "filter.data.frame" "filter" ".External2" "%>%" "initial_mortality_rate_func" 
sample.interval=100000
"vec_expand_grid" "expand_grid" "mutate" "filter" "arrange" "left_join" "left_join" "left_join" ".External2" "%>%" "initial_mortality_rate_func" 
"vec_expand_grid" "expand_grid" "mutate" "filter" "arrange" "left_join" "left_join" "left_join" ".External2" "%>%" "initial_mortality_rate_func" 
"vec_expand_grid" "expand_grid" "mutate" "filter" "arrange" "left_join" "left_join" "left_join" ".External2" "%>%" "initial_mortality_rate_func" 
"vec_expand_grid" "expand_grid" "mutate" "filter" "arrange" "left_join" "left_join" "left_join" ".External2" "%>%" "initial_mortality_rate_func" 
"vec_expand_grid" "expand_grid" "mutate" "filter" "arrange" "left_join" "left_join" "left_join" ".External2" "%>%" "initial_mortality_rate_func" 
"+" ".Call" "eval" "mask$eval_all_mutate" "mutate_col" "withCallingHandlers" "mutate_cols" "mutate.data.frame" "mutate" "filter" "arrange" "left_join" "left_join" "left_join" ".External2" "%>%" "initial_mortality_rate_func" 
"+" ".Call" "eval" "mask$eval_all_mutate" "mutate_col" "withCallingHandlers" "mutate_cols" "mutate.data.frame" "mutate" "filter" "arrange" "left_join" "left_join" "left_join" ".External2" "%>%" "initial_mortality_rate_func" 
"+" ".Call" "eval" "mask$eval_all_mutate" "mutate_col" "withCallingHandlers" "mutate_cols" "mutate.data.frame" "mutate" "filter" "arrange" "left_join" "left_join" "left_join" ".External2" "%>%" "initial_mortality_rate_func" 
"-" ".Call" "eval" "mask$eval_all_mutate" "mutate_col" "withCallingHandlers" "mutate_cols" "mutate.data.frame" "mutate" "filter" "arrange" "left_join" "left_join" "left_join" ".External2" "%>%" "initial_mortality_rate_func" 
"-" ".Call" "eval" "mask$eval_all_mutate" "mutate_col" "withCallingHandlers" "mutate_cols" "mutate.data.frame" "mutate" "filter" "arrange" "left_join" "left_join" "left_join" ".External2" "%>%" "initial_mortality_rate_func" 
"-" ".Call" "eval" "mask$eval_all_mutate" "mutate_col" "withCallingHandlers" "mutate_cols" "mutate.data.frame" "mutate" "filter" "arrange" "left_join" "left_join" "left_join" ".External2" "%>%" "initial_mortality_rate_func" 
"-" ".Call" "eval" "mask$eval_all_mutate" "mutate_col" "withCallingHandlers" "mutate_cols" "mutate.data.frame" "mutate" "filter" "arrange" "left_join" "left_join" "left_join" ".External2" "%>%" "initial_mortality_rate_func" 
"-" ".Call" "eval" "mask$eval_all_mutate" "mutate_col" "withCallingHandlers" "mutate_cols" "mutate.data.frame" "mutate" "filter" "arrange" "left_join" "left_join" "left_join" ".External2" "%>%" "initial_mortality_rate_func" 
"<=" ".Call" "eval" "mask$eval_all_filter" "withCallingHandlers" "filter_eval" "filter_rows" "filter.data.frame" "filter" "arrange" "left_join" "left_join" "left_join" ".External2" "%>%" "initial_mortality_rate_func" 
"<=" ".Call" "eval" "mask$eval_all_filter" "withCallingHandlers" "filter_eval" "filter_rows" "filter.data.frame" "filter" "arrange" "left_join" "left_join" "left_join" ".External2" "%>%" "initial_mortality_rate_func" 
".Call" "eval" "mask$eval_all_filter" "withCallingHandlers" "filter_eval" "filter_rows" "filter.data.frame" "filter" "arrange" "left_join" "left_join" "left_join" ".External2" "%>%" "initial_mortality_rate_func" 
"%in%" ".Call" "eval" "mask$eval_all_filter" "withCallingHandlers" "filter_eval" "filter_rows" "filter.data.frame" "filter" "arrange" "left_join" "left_join" "left_join" ".External2" "%>%" "initial_mortality_rate_func" 
"%in%" ".Call" "eval" "mask$eval_all_filter" "withCallingHandlers" "filter_eval" "filter_rows" "filter.data.frame" "filter" "arrange" "left_join" "left_join" "left_join" ".External2" "%>%" "initial_mortality_rate_func" 
"%in%" ".Call" "eval" "mask$eval_all_filter" "withCallingHandlers" "filter_eval" "filter_rows" "filter.data.frame" "filter" "arrange" "left_join" "left_join" "left_join" ".External2" "%>%" "initial_mortality_rate_func" 
"%in%" ".Call" "eval" "mask$eval_all_filter" "withCallingHandlers" "filter_eval" "filter_rows" "filter.data.frame" "filter" "arrange" "left_join" "left_join" "left_join" ".External2" "%>%" "initial_mortality_rate_func" 
"%in%" ".Call" "eval" "mask$eval_all_filter" "withCallingHandlers" "filter_eval" "filter_rows" "filter.data.frame" "filter" "arrange" "left_join" "left_join" "left_join" ".External2" "%>%" "initial_mortality_rate_func" 
"%in%" ".Call" "eval" "mask$eval_all_filter" "withCallingHandlers" "filter_eval" "filter_rows" "filter.data.frame" "filter" "arrange" "left_join" "left_join" "left_join" ".External2" "%>%" "initial_mortality_rate_func" 
"%in%" ".Call" "eval" "mask$eval_all_filter" "withCallingHandlers" "filter_eval" "filter_rows" "filter.data.frame" "filter" "arrange" "left_join" "left_join" "left_join" ".External2" "%>%" "initial_mortality_rate_func" 
"%in%" ".Call" "eval" "mask$eval_all_filter" "withCallingHandlers" "filter_eval" "filter_rows" "filter.data.frame" "filter" "arrange" "left_join" "left_join" "left_join" ".External2" "%>%" "initial_mortality_rate_func" 
".Call" "eval" "mask$eval_all_filter" "withCallingHandlers" "filter_eval" "filter_rows" "filter.data.frame" "filter" "arrange" "left_join" "left_join" "left_join" ".External2" "%>%" "initial_mortality_rate_func" 
"vec_slice" ".row_names_info" "%||%" "dplyr_new_data_frame" "dplyr_reconstruct" "dplyr_row_slice.data.frame" "dplyr_row_slice" "filter.data.frame" "filter" "arrange" "left_join" "left_join" "left_join" ".External2" "%>%" "initial_mortality_rate_func" 
"vec_slice" ".row_names_info" "%||%" "dplyr_new_data_frame" "dplyr_reconstruct" "dplyr_row_slice.data.frame" "dplyr_row_slice" "filter.data.frame" "filter" "arrange" "left_join" "left_join" "left_join" ".External2" "%>%" "initial_mortality_rate_func" 
"vec_slice" ".row_names_info" "%||%" "dplyr_new_data_frame" "dplyr_reconstruct" "dplyr_row_slice.data.frame" "dplyr_row_slice" "arrange.data.frame" "arrange" "left_join" "left_join" "left_join" ".External2" "%>%" "initial_mortality_rate_func" 
"vec_slice" "join_mutate" "left_join.data.frame" "left_join" "left_join" "left_join" ".External2" "%>%" "initial_mortality_rate_func" 
"vctrs::vec_locate_matches" "withCallingHandlers" "dplyr_locate_matches" "join_rows" "join_mutate" "left_join.data.frame" "left_join" "left_join" ".External2" "%>%" "initial_mortality_rate_func" 
"vec_slice" "join_mutate" "left_join.data.frame" "left_join" "left_join" ".External2" "%>%" "initial_mortality_rate_func" 
"vctrs::vec_locate_matches" "withCallingHandlers" "dplyr_locate_matches" "join_rows" "join_mutate" "left_join.data.frame" "left_join" ".External2" "%>%" "initial_mortality_rate_func" 
"vec_slice" "join_mutate" "left_join.data.frame" "left_join" ".External2" "%>%" "initial_mortality_rate_func" 
"vec_slice" "join_mutate" "left_join.data.frame" "left_join" ".External2" "%>%" "initial_mortality_rate_func" 
sample.interval=100000
"vec_expand_grid" "expand_grid" "mutate" "filter" "arrange" "left_join" "left_join" "left_join" ".External2" "%>%" "initial_mortality_rate_func" 
"vec_expand_grid" "expand_grid" "mutate" "filter" "arrange" "left_join" "left_join" "left_join" ".External2" "%>%" "initial_mortality_rate_func" 
"vec_expand_grid" "expand_grid" "mutate" "filter" "arrange" "left_join" "left_join" "left_join" ".External2" "%>%" "initial_mortality_rate_func" 
"vec_expand_grid" "expand_grid" "mutate" "filter" "arrange" "left_join" "left_join" "left_join" ".External2" "%>%" "initial_mortality_rate_func" 
"+" ".Call" "eval" "mask$eval_all_mutate" "mutate_col" "withCallingHandlers" "mutate_cols" "mutate.data.frame" "mutate" "filter" "arrange" "left_join" "left_join" "left_join" ".External2" "%>%" "initial_mortality_rate_func" 
"+" ".Call" "eval" "mask$eval_all_mutate" "mutate_col" "withCallingHandlers" "mutate_cols" "mutate.data.frame" "mutate" "filter" "arrange" "left_join" "left_join" "left_join" ".External2" "%>%" "initial_mortality_rate_func" 
"+" ".Call" "eval" "mask$eval_all_mutate" "mutate_col" "withCallingHandlers" "mutate_cols" "mutate.data.frame" "mutate" "filter" "arrange" "left_join" "left_join" "left_join" ".External2" "%>%" "initial_mortality_rate_func" 
"-" ".Call" "eval" "mask$eval_all_mutate" "mutate_col" "withCallingHandlers" "mutate_cols" "mutate.data.frame" "mutate" "filter" "arrange" "left_join" "left_join" "left_join" ".External2" "%>%" "initial_mortality_rate_func" 
"-" ".Call" "eval" "mask$eval_all_mutate" "mutate_col" "withCallingHandlers" "mutate_cols" "mutate.data.frame" "mutate" "filter" "arrange" "left_join" "left_join" "left_join" ".External2" "%>%" "initial_mortality_rate_func" 
"-" ".Call" "eval" "mask$eval_all_mutate" "mutate_col" "withCallingHandlers" "mutate_cols" "mutate.data.frame" "mutate" "filter" "arrange" "left_join" "left_join" "left_join" ".External2" "%>%" "initial_mortality_rate_func" 
"-" ".Call" "eval" "mask$eval_all_mutate" "mutate_col" "withCallingHandlers" "mutate_cols" "mutate.data.frame" "mutate" "filter" "arrange" "left_join" "left_join" "left_join" ".External2" "%>%" "initial_mortality_rate_func" 
"-" ".Call" "eval" "mask$eval_all_mutate" "mutate_col" "withCallingHandlers" "mutate_cols" "mutate.data.frame" "mutate" "filter" "arrange" "left_join" "left_join" "left_join" ".External2" "%>%" "initial_mortality_rate_func" 
".Call" "eval" "mask$eval_all_filter" "withCallingHandlers" "filter_eval" "filter_rows" "filter.data.frame" "filter" "arrange" "left_join" "left_join" "left_join" ".External2" "%>%" "initial_mortality_rate_func" 
"<=" ".Call" "eval" "mask$eval_all_filter" "withCallingHandlers" "filter_eval" "filter_rows" "filter.data.frame" "filter" "arrange" "left_join" "left_join" "left_join" ".External2" "%>%" "initial_mortality_rate_func" 
".Call" "eval" "mask$eval_all_filter" "withCallingHandlers" "filter_eval" "filter_rows" "filter.data.frame" "filter" "arrange" "left_join" "left_join" "left_join" ".External2" "%>%" "initial_mortality_rate_func" 
"%in%" ".Call" "eval" "mask$eval_all_filter" "withCallingHandlers" "filter_eval" "filter_rows" "filter.data.frame" "filter" "arrange" "left_join" "left_join" "left_join" ".External2" "%>%" "initial_mortality_rate_func" 
"%in%" ".Call" "eval" "mask$eval_all_filter" "withCallingHandlers" "filter_eval" "filter_rows" "filter.data.frame" "filter" "arrange" "left_join" "left_join" "left_join" ".External2" "%>%" "initial_mortality_rate_func" 
"%in%" ".Call" "eval" "mask$eval_all_filter" "withCallingHandlers" "filter_eval" "filter_rows" "filter.data.frame" "filter" "arrange" "left_join" "left_join" "left_join" ".External2" "%>%" "initial_mortality_rate_func" 
"%in%" ".Call" "eval" "mask$eval_all_filter" "withCallingHandlers" "filter_eval" "filter_rows" "filter.data.frame" "filter" "arrange" "left_join" "left_join" "left_join" ".External2" "%>%" "initial_mortality_rate_func" 
"%in%" ".Call" "eval" "mask$eval_all_filter" "withCallingHandlers" "filter_eval" "filter_rows" "filter.data.frame" "filter" "arrange" "left_join" "left_join" "left_join" ".External2" "%>%" "initial_mortality_rate_func" 
"%in%" ".Call" "eval" "mask$eval_all_filter" "withCallingHandlers" "filter_eval" "filter_rows" "filter.data.frame" "filter" "arrange" "left_join" "left_join" "left_join" ".External2" "%>%" "initial_mortality_rate_func" 
"%in%" ".Call" "eval" "mask$eval_all_filter" "withCallingHandlers" "filter_eval" "filter_rows" "filter.data.frame" "filter" "arrange" "left_join" "left_join" "left_join" ".External2" "%>%" "initial_mortality_rate_func" 
"%in%" ".Call" "eval" "mask$eval_all_filter" "withCallingHandlers" "filter_eval" "filter_rows" "filter.data.frame" "filter" "arrange" "left_join" "left_join" "left_join" ".External2" "%>%" "initial_mortality_rate_func" 
".Call" "eval" "mask$eval_all_filter" "withCallingHandlers" "filter_eval" "filter_rows" "filter.data.frame" "filter" "arrange" "left_join" "left_join" "left_join" ".External2" "%>%" "initial_mortality_rate_func" 
".Call" "eval" "mask$eval_all_filter" "withCallingHandlers" "filter_eval" "filter_rows" "filter.data.frame" "filter" "arrange" "left_join" "left_join" "left_join" ".External2" "%>%" "initial_mortality_rate_func" 
"vec_slice" ".row_names_info" "%||%" "dplyr_new_data_frame" "dplyr_reconstruct" "dplyr_row_slice.data.frame" "dplyr_row_slice" "filter.data.frame" "filter" "arrange" "left_join" "left_join" "left_join" ".External2" "%>%" "initial_mortality_rate_func" 
"vec_slice" ".row_names_info" "%||%" "dplyr_new_data_frame" "dplyr_reconstruct" "dplyr_row_slice.data.frame" "dplyr_row_slice" "filter.data.frame" "filter" "arrange" "left_join" "left_join" "left_join" ".External2" "%>%" "initial_mortality_rate_func" 
"vctrs::vec_locate_matches" "withCallingHandlers" "dplyr_locate_matches" "join_rows" "join_mutate" "left_join.data.frame" "left_join" "left_join" "left_join" ".External2" "%>%" "initial_mortality_rate_func" 
"vec_slice" "join_mutate" "left_join.data.frame" "left_join" "left_join" "left_join" ".External2" "%>%" "initial_mortality_rate_func" 
"vctrs::vec_locate_matches" "withCallingHandlers" "dplyr_locate_matches" "join_rows" "join_mutate" "left_join.data.frame" "left_join" "left_join" ".External2" "%>%" "initial_mortality_rate_func" 
"vctrs::vec_locate_matches" "withCallingHandlers" "dplyr_locate_matches" "join_rows" "join_mutate" "left_join.data.frame" "left_join" ".External2" "%>%" "initial_mortality_rate_func" 
"vctrs::vec_locate_matches" "withCallingHandlers" "dplyr_locate_matches" "join_rows" "join_mutate" "left_join.data.frame" "left_join" ".External2" "%>%" "initial_mortality_rate_func" 
"vec_slice" "join_mutate" "left_join.data.frame" "left_join" ".External2" "%>%" "initial_mortality_rate_func" 
