sample.interval=100000
"which" "ifelse" "ifelse" ".Call" "eval" "mask$eval_all_mutate" "mutate_col" "withCallingHandlers" "mutate_cols" "mutate.data.frame" "mutate" "ungroup" ".External2" "%>%" "init_final_data_func" 
"vec_size" "shift" "lag" "PVFB" ".Call" "eval" "mask$eval_all_mutate" "mutate_col" "withCallingHandlers" "mutate_cols" "mutate.data.frame" "mutate" "ungroup" ".External2" "%>%" "init_final_data_func" 
"PVFB" ".Call" "eval" "mask$eval_all_mutate" "mutate_col" "withCallingHandlers" "mutate_cols" "mutate.data.frame" "mutate" "ungroup" ".External2" "%>%" "init_final_data_func" 
"PVFB" ".Call" "eval" "mask$eval_all_mutate" "mutate_col" "withCallingHandlers" "mutate_cols" "mutate.data.frame" "mutate" "ungroup" ".External2" "%>%" "init_final_data_func" 
"shift" "lag" "PVFB" ".Call" "eval" "mask$eval_all_mutate" "mutate_col" "withCallingHandlers" "mutate_cols" "mutate.data.frame" "mutate" "ungroup" ".External2" "%>%" "init_final_data_func" 
".External2" "vec_c" "shift_c" "shift" "lag" "PVFB" ".Call" "eval" "mask$eval_all_mutate" "mutate_col" "withCallingHandlers" "mutate_cols" "mutate.data.frame" "mutate" "ungroup" ".External2" "%>%" "init_final_data_func" 
"environment" "vec_size" "shift" "lag" "PVFB" ".Call" "eval" "mask$eval_all_mutate" "mutate_col" "withCallingHandlers" "mutate_cols" "mutate.data.frame" "mutate" "ungroup" ".External2" "%>%" "init_final_data_func" 
"seq2" "shift_c" "shift" "lag" "PVFB" ".Call" "eval" "mask$eval_all_mutate" "mutate_col" "withCallingHandlers" "mutate_cols" "mutate.data.frame" "mutate" "ungroup" ".External2" "%>%" "init_final_data_func" 
"shift" "lag" "PVFB" ".Call" "eval" "mask$eval_all_mutate" "mutate_col" "withCallingHandlers" "mutate_cols" "mutate.data.frame" "mutate" "ungroup" ".External2" "%>%" "init_final_data_func" 
".External2" "vec_c" "shift_c" "shift" "lag" "PVFB" ".Call" "eval" "mask$eval_all_mutate" "mutate_col" "withCallingHandlers" "mutate_cols" "mutate.data.frame" "mutate" "ungroup" ".External2" "%>%" "init_final_data_func" 
"shift" "lag" "PVFB" ".Call" "eval" "mask$eval_all_mutate" "mutate_col" "withCallingHandlers" "mutate_cols" "mutate.data.frame" "mutate" "ungroup" ".External2" "%>%" "init_final_data_func" 
"PVFB" ".Call" "eval" "mask$eval_all_mutate" "mutate_col" "withCallingHandlers" "mutate_cols" "mutate.data.frame" "mutate" "ungroup" ".External2" "%>%" "init_final_data_func" 
"environment" "vec_slice" "shift_c" "shift" "lag" "PVFB" ".Call" "eval" "mask$eval_all_mutate" "mutate_col" "withCallingHandlers" "mutate_cols" "mutate.data.frame" "mutate" "ungroup" ".External2" "%>%" "init_final_data_func" 
"vec_slice" "shift_c" "shift" "lag" "PVFB" ".Call" "eval" "mask$eval_all_mutate" "mutate_col" "withCallingHandlers" "mutate_cols" "mutate.data.frame" "mutate" "ungroup" ".External2" "%>%" "init_final_data_func" 
"get_npv" "PVFB" ".Call" "eval" "mask$eval_all_mutate" "mutate_col" "withCallingHandlers" "mutate_cols" "mutate.data.frame" "mutate" "ungroup" ".External2" "%>%" "init_final_data_func" 
"vec_cast" "shift" "lag" "PVFB" ".Call" "eval" "mask$eval_all_mutate" "mutate_col" "withCallingHandlers" "mutate_cols" "mutate.data.frame" "mutate" "ungroup" ".External2" "%>%" "init_final_data_func" 
"environment" "vec_rep" "shift_c" "shift" "lag" "PVFB" ".Call" "eval" "mask$eval_all_mutate" "mutate_col" "withCallingHandlers" "mutate_cols" "mutate.data.frame" "mutate" "ungroup" ".External2" "%>%" "init_final_data_func" 
"shift" "lag" "PVFB" ".Call" "eval" "mask$eval_all_mutate" "mutate_col" "withCallingHandlers" "mutate_cols" "mutate.data.frame" "mutate" "ungroup" ".External2" "%>%" "init_final_data_func" 
"environment" "vec_cast" "shift" "lag" "PVFB" ".Call" "eval" "mask$eval_all_mutate" "mutate_col" "withCallingHandlers" "mutate_cols" "mutate.data.frame" "mutate" "ungroup" ".External2" "%>%" "init_final_data_func" 
"get_npv" "PVFB" ".Call" "eval" "mask$eval_all_mutate" "mutate_col" "withCallingHandlers" "mutate_cols" "mutate.data.frame" "mutate" "ungroup" ".External2" "%>%" "init_final_data_func" 
".External2" "vec_c" "shift_c" "shift" "lag" "PVFB" ".Call" "eval" "mask$eval_all_mutate" "mutate_col" "withCallingHandlers" "mutate_cols" "mutate.data.frame" "mutate" "ungroup" ".External2" "%>%" "init_final_data_func" 
"get_npv" "PVFB" ".Call" "eval" "mask$eval_all_mutate" "mutate_col" "withCallingHandlers" "mutate_cols" "mutate.data.frame" "mutate" "ungroup" ".External2" "%>%" "init_final_data_func" 
"list_unchop" "mutate_col" "withCallingHandlers" "mutate_cols" "mutate.data.frame" "mutate" "ungroup" ".External2" "%>%" "init_final_data_func" 
"PVFS" ".Call" "eval" "mask$eval_all_mutate" "mutate_col" "withCallingHandlers" "mutate_cols" "mutate.data.frame" "mutate" "ungroup" ".External2" "%>%" "init_final_data_func" 
"PVFS" ".Call" "eval" "mask$eval_all_mutate" "mutate_col" "withCallingHandlers" "mutate_cols" "mutate.data.frame" "mutate" "ungroup" ".External2" "%>%" "init_final_data_func" 
