sample.interval=100000
"ifelse" "check_normal_retirement_eligibility" "ifelse" "get_retirement_type" "eval" "eval" "[.data.table" "[" "opt_reduced_factor_func" 
"ifelse" "get_retirement_type" "eval" "eval" "[.data.table" "[" "opt_reduced_factor_func" 
"ifelse" "get_retirement_type" "eval" "eval" "[.data.table" "[" "opt_reduced_factor_func" 
"ifelse" "check_early_retirement_eligibility" "ifelse" "ifelse" "get_retirement_type" "eval" "eval" "[.data.table" "[" "opt_reduced_factor_func" 
"ifelse" "ifelse" "get_retirement_type" "eval" "eval" "[.data.table" "[" "opt_reduced_factor_func" 
"ifelse" "ifelse" "get_retirement_type" "eval" "eval" "[.data.table" "[" "opt_reduced_factor_func" 
"ifelse" "ifelse" "get_retirement_type" "eval" "eval" "[.data.table" "[" "opt_reduced_factor_func" 
"&" "eval" "eval" "doTryCatch" "tryCatchOne" "tryCatchList" "tryCatch" "[.data.table" "[" "opt_reduced_factor_func" 
"[.data.table" "[" "opt_reduced_factor_func" 
"forderv" "setorderv" "setorder" "opt_reduced_factor_func" 
"forderv" "setorderv" "setorder" "opt_reduced_factor_func" 
sample.interval=100000
"ifelse" "check_normal_retirement_eligibility" "ifelse" "get_retirement_type" "eval" "eval" "[.data.table" "[" "opt_reduced_factor_func" 
"ifelse" "check_normal_retirement_eligibility" "ifelse" "get_retirement_type" "eval" "eval" "[.data.table" "[" "opt_reduced_factor_func" 
"ifelse" "get_retirement_type" "eval" "eval" "[.data.table" "[" "opt_reduced_factor_func" 
"ifelse" "check_early_retirement_eligibility" "ifelse" "ifelse" "get_retirement_type" "eval" "eval" "[.data.table" "[" "opt_reduced_factor_func" 
"ifelse" "ifelse" "get_retirement_type" "eval" "eval" "[.data.table" "[" "opt_reduced_factor_func" 
"ifelse" "ifelse" "get_retirement_type" "eval" "eval" "[.data.table" "[" "opt_reduced_factor_func" 
">=" "eval" "eval" "doTryCatch" "tryCatchOne" "tryCatchList" "tryCatch" "[.data.table" "[" "opt_reduced_factor_func" 
"[.data.table" "[" "opt_reduced_factor_func" 
"rbindlist" "opt_reduced_factor_func" 
"forderv" "setkeyv" "setkey" "opt_reduced_factor_func" 
"setkeyv" "setkey" "opt_reduced_factor_func" 
sample.interval=100000
"ifelse" "check_normal_retirement_eligibility" "ifelse" "get_retirement_type" "eval" "eval" "[.data.table" "[" "opt_reduced_factor_func" 
"ifelse" "get_retirement_type" "eval" "eval" "[.data.table" "[" "opt_reduced_factor_func" 
"ifelse" "get_retirement_type" "eval" "eval" "[.data.table" "[" "opt_reduced_factor_func" 
"ifelse" "check_early_retirement_eligibility" "ifelse" "ifelse" "get_retirement_type" "eval" "eval" "[.data.table" "[" "opt_reduced_factor_func" 
"ifelse" "ifelse" "get_retirement_type" "eval" "eval" "[.data.table" "[" "opt_reduced_factor_func" 
"ifelse" "ifelse" "get_retirement_type" "eval" "eval" "[.data.table" "[" "opt_reduced_factor_func" 
"[.data.table" "[" "opt_reduced_factor_func" 
"[.data.table" "[" "opt_reduced_factor_func" 
"forderv" "setkeyv" "setkey" "opt_reduced_factor_func" 
"forderv" "setkeyv" "setkey" "opt_reduced_factor_func" 
