sample.interval=100000
".External2" "vec_ptype_common" "vec_case_when" "if_else" ".Call" "eval" "mask$eval_all_mutate" "mutate_col" "withCallingHandlers" "mutate_cols" "mutate.data.frame" "mutate" "ungroup" ".External2" "%>%" "opt_annuity_factor_func" 
"vec_case_when" "if_else" ".Call" "eval" "mask$eval_all_mutate" "mutate_col" "withCallingHandlers" "mutate_cols" "mutate.data.frame" "mutate" "ungroup" ".External2" "%>%" "opt_annuity_factor_func" 
"vec_case_when" "if_else" ".Call" "eval" "mask$eval_all_mutate" "mutate_col" "withCallingHandlers" "mutate_cols" "mutate.data.frame" "mutate" "ungroup" ".External2" "%>%" "opt_annuity_factor_func" 
"is_logical" "check_logical" "if_else" ".Call" "eval" "mask$eval_all_mutate" "mutate_col" "withCallingHandlers" "mutate_cols" "mutate.data.frame" "mutate" "ungroup" ".External2" "%>%" "opt_annuity_factor_func" 
".External2" "vec_ptype_common" "vec_case_when" "if_else" ".Call" "eval" "mask$eval_all_mutate" "mutate_col" "withCallingHandlers" "mutate_cols" "mutate.data.frame" "mutate" "ungroup" ".External2" "%>%" "opt_annuity_factor_func" 
"vec_case_when" "if_else" ".Call" "eval" "mask$eval_all_mutate" "mutate_col" "withCallingHandlers" "mutate_cols" "mutate.data.frame" "mutate" "ungroup" ".External2" "%>%" "opt_annuity_factor_func" 
"vec_case_when" "if_else" ".Call" "eval" "mask$eval_all_mutate" "mutate_col" "withCallingHandlers" "mutate_cols" "mutate.data.frame" "mutate" "ungroup" ".External2" "%>%" "opt_annuity_factor_func" 
"vec_case_when" "if_else" ".Call" "eval" "mask$eval_all_mutate" "mutate_col" "withCallingHandlers" "mutate_cols" "mutate.data.frame" "mutate" "ungroup" ".External2" "%>%" "opt_annuity_factor_func" 
"is_logical" "check_logical" "if_else" ".Call" "eval" "mask$eval_all_mutate" "mutate_col" "withCallingHandlers" "mutate_cols" "mutate.data.frame" "mutate" "ungroup" ".External2" "%>%" "opt_annuity_factor_func" 
"vec_slice" "shift_c" "shift" "lag" "rev" ".Call" "eval" "mask$eval_all_mutate" "mutate_col" "withCallingHandlers" "mutate_cols" "mutate.data.frame" "mutate" "ungroup" ".External2" "%>%" "opt_annuity_factor_func" 
"shift" "lag" "rev" ".Call" "eval" "mask$eval_all_mutate" "mutate_col" "withCallingHandlers" "mutate_cols" "mutate.data.frame" "mutate" "ungroup" ".External2" "%>%" "opt_annuity_factor_func" 
".External2" "vec_c" "shift_c" "shift" "lag" "rev" ".Call" "eval" "mask$eval_all_mutate" "mutate_col" "withCallingHandlers" "mutate_cols" "mutate.data.frame" "mutate" "ungroup" ".External2" "%>%" "opt_annuity_factor_func" 
"check_dots_empty0" "vec_slice" "shift_c" "shift" "lag" "rev" ".Call" "eval" "mask$eval_all_mutate" "mutate_col" "withCallingHandlers" "mutate_cols" "mutate.data.frame" "mutate" "ungroup" ".External2" "%>%" "opt_annuity_factor_func" 
".Call" "eval" "mask$eval_all_mutate" "mutate_col" "withCallingHandlers" "mutate_cols" "mutate.data.frame" "mutate" "ungroup" ".External2" "%>%" "opt_annuity_factor_func" 
"rev.default" "rev" "rev" ".Call" "eval" "mask$eval_all_mutate" "mutate_col" "withCallingHandlers" "mutate_cols" "mutate.data.frame" "mutate" "ungroup" ".External2" "%>%" "opt_annuity_factor_func" 
sample.interval=100000
"[.data.table" "[" "opt_annuity_factor_func" 
"[.data.table" "[" "opt_annuity_factor_func" 
"[.data.table" "[" "opt_annuity_factor_func" 
"[.data.table" "[" "opt_annuity_factor_func" 
sample.interval=100000
"forderv" "[.data.table" "[" "opt_annuity_factor_func" 
"rev.default" "rev" "[.data.table" "[" "opt_annuity_factor_func" 
"[.data.table" "[" "opt_annuity_factor_func" 
"cumprod" "[.data.table" "[" "opt_annuity_factor_func" 
"[.data.table" "[" "opt_annuity_factor_func" 
"all" "match.arg" "shift" "[.data.table" "[" "opt_annuity_factor_func" 
"[.data.table" "[" "opt_annuity_factor_func" 
"^" "[.data.table" "[" "opt_annuity_factor_func" 
"[.data.table" "[" "opt_annuity_factor_func" 
"formals" "match.arg" "shift" "[.data.table" "[" "opt_annuity_factor_func" 
"formals" "match.arg" "shift" "[.data.table" "[" "opt_annuity_factor_func" 
"-" "[.data.table" "[" "opt_annuity_factor_func" 
sample.interval=100000
"forderv" "[.data.table" "[" "opt_annuity_factor_func" 
"^" "[.data.table" "[" "opt_annuity_factor_func" 
"-" "[.data.table" "[" "opt_annuity_factor_func" 
"rev.default" "rev" "rev" "[.data.table" "[" "opt_annuity_factor_func" 
"[.data.table" "[" "opt_annuity_factor_func" 
"shift" "[.data.table" "[" "opt_annuity_factor_func" 
"-" "[.data.table" "[" "opt_annuity_factor_func" 
"^" "[.data.table" "[" "opt_annuity_factor_func" 
"cumprod" "[.data.table" "[" "opt_annuity_factor_func" 
"shift" "[.data.table" "[" "opt_annuity_factor_func" 
sample.interval=100000
"forderv" "[.data.table" "[" "opt_annuity_factor_func" 
"cumprod" "[.data.table" "[" "opt_annuity_factor_func" 
"rev" "[.data.table" "[" "opt_annuity_factor_func" 
"[.data.table" "[" "opt_annuity_factor_func" 
"cumprod" "[.data.table" "[" "opt_annuity_factor_func" 
"[.data.table" "[" "opt_annuity_factor_func" 
"rev.default" "rev" "[.data.table" "[" "opt_annuity_factor_func" 
"-" "[.data.table" "[" "opt_annuity_factor_func" 
"^" "[.data.table" "[" "opt_annuity_factor_func" 
"rev.default" "rev" "[.data.table" "[" "opt_annuity_factor_func" 
sample.interval=100000
"uniqlist" "[.data.table" "[" "opt_annuity_factor_func" 
"[.data.table" "[" "opt_annuity_factor_func" 
"match.arg" "shift" "[.data.table" "[" "opt_annuity_factor_func" 
"[.data.table" "[" "opt_annuity_factor_func" 
"^" "[.data.table" "[" "opt_annuity_factor_func" 
"^" "[.data.table" "[" "opt_annuity_factor_func" 
"-" "[.data.table" "[" "opt_annuity_factor_func" 
"[.data.table" "[" "opt_annuity_factor_func" 
"rev.default" "rev" "rev" "[.data.table" "[" "opt_annuity_factor_func" 
"[.data.table" "[" "opt_annuity_factor_func" 
"forderv" "order" "eval" "eval" "doTryCatch" "tryCatchOne" "tryCatchList" "tryCatch" "[.data.table" "[" "opt_annuity_factor_func" 
"[.data.table" "[" "opt_annuity_factor_func" 
sample.interval=100000
"forderv" "unique.data.table" "unique" "opt_annuity_factor_func" 
"is.baseenv" "w$isLocal" "w$call" "walkCode" "h" "walkCode" "collect_usage_function" "FUN" "withCallingHandlers" "call_find_globals_with_dotdotdot" "findGlobals" "globalsOf" "globalsOf" "getGlobalsAndPackages" "getGlobalsAndPackagesXApply" "future_xapply" "future_lapply" "opt_annuity_factor_func" 
"serialize" "sendData.SOCK0node" "sendData" "postNode" "sendCall" "clusterCall" "doTryCatch" "tryCatchOne" "tryCatchList" "tryCatch" "cluster_call" "withCallingHandlers" "suppressWarnings" "run.ClusterFuture" "run" "run.Future" "run" "future" "future_xapply" "future_lapply" "opt_annuity_factor_func" 
"serialize" "sendData.SOCK0node" "sendData" "postNode" "sendCall" "clusterCall" "doTryCatch" "tryCatchOne" "tryCatchList" "tryCatch" "cluster_call" "withCallingHandlers" "suppressWarnings" "run.ClusterFuture" "run" "run.Future" "run" "future" "future_xapply" "future_lapply" "opt_annuity_factor_func" 
"serialize" "sendData.SOCK0node" "sendData" "postNode" "sendCall" "clusterCall" "doTryCatch" "tryCatchOne" "tryCatchList" "tryCatch" "cluster_call" "withCallingHandlers" "suppressWarnings" "run.ClusterFuture" "run" "run.Future" "run" "future" "future_xapply" "future_lapply" "opt_annuity_factor_func" 
"socketSelect" "resolved.ClusterFuture" "resolved" "resolve.list" "resolve" "value.list" "value" "<Anonymous>" "withCallingHandlers" "future_xapply" "future_lapply" "opt_annuity_factor_func" 
"socketSelect" "resolved.ClusterFuture" "resolved" "resolve.list" "resolve" "value.list" "value" "<Anonymous>" "withCallingHandlers" "future_xapply" "future_lapply" "opt_annuity_factor_func" 
"socketSelect" "resolved.ClusterFuture" "resolved" "resolve.list" "resolve" "value.list" "value" "<Anonymous>" "withCallingHandlers" "future_xapply" "future_lapply" "opt_annuity_factor_func" 
"unserialize" "recvData.SOCK0node" "recvData" "recvResult" "doTryCatch" "tryCatchOne" "tryCatchList" "tryCatch" "receiveMessageFromWorker" "resolved.ClusterFuture" "resolved" "resolve.list" "resolve" "value.list" "value" "<Anonymous>" "withCallingHandlers" "future_xapply" "future_lapply" "opt_annuity_factor_func" 
"socketSelect" "resolved.ClusterFuture" "resolved" "resolve.list" "resolve" "value.list" "value" "<Anonymous>" "withCallingHandlers" "future_xapply" "future_lapply" "opt_annuity_factor_func" 
"rbindlist" "opt_annuity_factor_func" 
sample.interval=100000
"[.data.table" "[" "opt_annuity_factor_func" "opt_annuity_factor_func" 
"cumprod" "[.data.table" "[" "opt_annuity_factor_func" "opt_annuity_factor_func" 
"[.data.table" "[" "opt_annuity_factor_func" "opt_annuity_factor_func" 
"[.data.table" "[" "opt_annuity_factor_func" "opt_annuity_factor_func" 
"match.arg" "shift" "[.data.table" "[" "opt_annuity_factor_func" "opt_annuity_factor_func" 
"cumprod" "[.data.table" "[" "opt_annuity_factor_func" "opt_annuity_factor_func" 
"^" "[.data.table" "[" "opt_annuity_factor_func" "opt_annuity_factor_func" 
"[.data.table" "[" "opt_annuity_factor_func" "opt_annuity_factor_func" 
"[.data.table" "[" "opt_annuity_factor_func" "opt_annuity_factor_func" 
"[.data.table" "[" "opt_annuity_factor_func" "opt_annuity_factor_func" 
sample.interval=100000
"uniqlist" "[.data.table" "[" "opt_annuity_factor_func" 
"match.arg" "shift" "[.data.table" "[" "opt_annuity_factor_func" 
"eval" "match.arg" "shift" "[.data.table" "[" "opt_annuity_factor_func" 
"match.arg" "shift" "[.data.table" "[" "opt_annuity_factor_func" 
"-" "[.data.table" "[" "opt_annuity_factor_func" 
"[.data.table" "[" "opt_annuity_factor_func" 
"+" "[.data.table" "[" "opt_annuity_factor_func" 
"[.data.table" "[" "opt_annuity_factor_func" 
"rev" "[.data.table" "[" "opt_annuity_factor_func" 
"rev.default" "rev" "[.data.table" "[" "opt_annuity_factor_func" 
"-" "[.data.table" "[" "opt_annuity_factor_func" 
