sample.interval=100000
"ifelse" ".Call" "eval" "mask$eval_all_mutate" "mutate_col" "withCallingHandlers" "mutate_cols" "mutate.data.frame" "mutate" "ungroup" "arrange" ".External2" "%>%" "sub_ben_proj_func" 
"which" "ifelse" ".Call" "eval" "mask$eval_all_mutate" "mutate_col" "withCallingHandlers" "mutate_cols" "mutate.data.frame" "mutate" "ungroup" "arrange" ".External2" "%>%" "sub_ben_proj_func" 
"ifelse" ".Call" "eval" "mask$eval_all_mutate" "mutate_col" "withCallingHandlers" "mutate_cols" "mutate.data.frame" "mutate" "ungroup" "arrange" ".External2" "%>%" "sub_ben_proj_func" 
"ifelse" ".Call" "eval" "mask$eval_all_mutate" "mutate_col" "withCallingHandlers" "mutate_cols" "mutate.data.frame" "mutate" "ungroup" "arrange" ".External2" "%>%" "sub_ben_proj_func" 
"list_unchop" "mutate_col" "withCallingHandlers" "mutate_cols" "mutate.data.frame" "mutate" "ungroup" "arrange" ".External2" "%>%" "sub_ben_proj_func" 
".Call" "eval" "mask$eval_all_mutate" "mutate_col" "withCallingHandlers" "mutate_cols" "mutate.data.frame" "mutate" "ungroup" "arrange" ".External2" "%>%" "sub_ben_proj_func" 
"min" "ifelse" ".Call" "eval" "mask$eval_all_mutate" "mutate_col" "withCallingHandlers" "mutate_cols" "mutate.data.frame" "mutate" "ungroup" "arrange" ".External2" "%>%" "sub_ben_proj_func" 
"ifelse" ".Call" "eval" "mask$eval_all_mutate" "mutate_col" "withCallingHandlers" "mutate_cols" "mutate.data.frame" "mutate" "ungroup" "arrange" ".External2" "%>%" "sub_ben_proj_func" 
"ifelse" ".Call" "eval" "mask$eval_all_mutate" "mutate_col" "withCallingHandlers" "mutate_cols" "mutate.data.frame" "mutate" "ungroup" "arrange" ".External2" "%>%" "sub_ben_proj_func" 
"which" "ifelse" ".Call" "eval" "mask$eval_all_mutate" "mutate_col" "withCallingHandlers" "mutate_cols" "mutate.data.frame" "mutate" "ungroup" "arrange" ".External2" "%>%" "sub_ben_proj_func" 
"<Anonymous>" "<Anonymous>" ".Call" "eval" "mask$eval_all_mutate" "mutate_col" "withCallingHandlers" "mutate_cols" "mutate.data.frame" "mutate" "ungroup" "arrange" ".External2" "%>%" "sub_ben_proj_func" 
".Call" "eval" "mask$eval_all_mutate" "mutate_col" "withCallingHandlers" "mutate_cols" "mutate.data.frame" "mutate" "ungroup" "arrange" ".External2" "%>%" "sub_ben_proj_func" 
"ifelse" ".Call" "eval" "mask$eval_all_mutate" "mutate_col" "withCallingHandlers" "mutate_cols" "mutate.data.frame" "mutate" "ungroup" "arrange" ".External2" "%>%" "sub_ben_proj_func" 
"ifelse" ".Call" "eval" "mask$eval_all_mutate" "mutate_col" "withCallingHandlers" "mutate_cols" "mutate.data.frame" "mutate" "ungroup" "arrange" ".External2" "%>%" "sub_ben_proj_func" 
"ifelse" ".Call" "eval" "mask$eval_all_mutate" "mutate_col" "withCallingHandlers" "mutate_cols" "mutate.data.frame" "mutate" "ungroup" "arrange" ".External2" "%>%" "sub_ben_proj_func" 
"ifelse" ".Call" "eval" "mask$eval_all_mutate" "mutate_col" "withCallingHandlers" "mutate_cols" "mutate.data.frame" "mutate" "ungroup" "arrange" ".External2" "%>%" "sub_ben_proj_func" 
"ifelse" ".Call" "eval" "mask$eval_all_mutate" "mutate_col" "withCallingHandlers" "mutate_cols" "mutate.data.frame" "mutate" "ungroup" "arrange" ".External2" "%>%" "sub_ben_proj_func" 
"list_unchop" "mutate_col" "withCallingHandlers" "mutate_cols" "mutate.data.frame" "mutate" "ungroup" "arrange" ".External2" "%>%" "sub_ben_proj_func" 
"list_unchop" "mutate_col" "withCallingHandlers" "mutate_cols" "mutate.data.frame" "mutate" "ungroup" "arrange" ".External2" "%>%" "sub_ben_proj_func" 
"vec_slice" ".row_names_info" "%||%" "dplyr_new_data_frame" "dplyr_reconstruct" "dplyr_row_slice.data.frame" "dplyr_row_slice" "arrange.data.frame" "arrange" ".External2" "%>%" "sub_ben_proj_func" 
sample.interval=100000
"<Anonymous>" "<Anonymous>" "ifelse" ".Call" "eval" "mask$eval_all_mutate" "mutate_col" "withCallingHandlers" "mutate_cols" "mutate.data.frame" "mutate" "ungroup" ".External2" "%>%" "sub_ben_proj_func" 
"ifelse" ".Call" "eval" "mask$eval_all_mutate" "mutate_col" "withCallingHandlers" "mutate_cols" "mutate.data.frame" "mutate" "ungroup" ".External2" "%>%" "sub_ben_proj_func" 
".Call" "eval" "mask$eval_all_mutate" "mutate_col" "withCallingHandlers" "mutate_cols" "mutate.data.frame" "mutate" "ungroup" ".External2" "%>%" "sub_ben_proj_func" 
"-" "ifelse" ".Call" "eval" "mask$eval_all_mutate" "mutate_col" "withCallingHandlers" "mutate_cols" "mutate.data.frame" "mutate" "ungroup" ".External2" "%>%" "sub_ben_proj_func" 
"-" "ifelse" ".Call" "eval" "mask$eval_all_mutate" "mutate_col" "withCallingHandlers" "mutate_cols" "mutate.data.frame" "mutate" "ungroup" ".External2" "%>%" "sub_ben_proj_func" 
"ifelse" ".Call" "eval" "mask$eval_all_mutate" "mutate_col" "withCallingHandlers" "mutate_cols" "mutate.data.frame" "mutate" "ungroup" ".External2" "%>%" "sub_ben_proj_func" 
"ifelse" ".Call" "eval" "mask$eval_all_mutate" "mutate_col" "withCallingHandlers" "mutate_cols" "mutate.data.frame" "mutate" "arrange" ".External2" "%>%" "sub_ben_proj_func" 
"vec_slice" ".row_names_info" "%||%" "dplyr_new_data_frame" "dplyr_reconstruct" "dplyr_row_slice.data.frame" "dplyr_row_slice" "arrange.data.frame" "arrange" ".External2" "%>%" "sub_ben_proj_func" 
sample.interval=100000
"<Anonymous>" "<Anonymous>" "ifelse" ".Call" "eval" "mask$eval_all_mutate" "mutate_col" "withCallingHandlers" "mutate_cols" "mutate.data.frame" "mutate" "ungroup" ".External2" "%>%" "sub_ben_proj_func" 
"which" "ifelse" ".Call" "eval" "mask$eval_all_mutate" "mutate_col" "withCallingHandlers" "mutate_cols" "mutate.data.frame" "mutate" "ungroup" ".External2" "%>%" "sub_ben_proj_func" 
"<" "ifelse" ".Call" "eval" "mask$eval_all_mutate" "mutate_col" "withCallingHandlers" "mutate_cols" "mutate.data.frame" "mutate" "ungroup" ".External2" "%>%" "sub_ben_proj_func" 
"unclass" "vec_proxy" "<Anonymous>" "list_unchop" "mutate_col" "withCallingHandlers" "mutate_cols" "mutate.data.frame" "mutate" "ungroup" ".External2" "%>%" "sub_ben_proj_func" 
"-" ".Call" "eval" "mask$eval_all_mutate" "mutate_col" "withCallingHandlers" "mutate_cols" "mutate.data.frame" "mutate" "ungroup" ".External2" "%>%" "sub_ben_proj_func" 
".Call" "eval" "mask$eval_all_mutate" "mutate_col" "withCallingHandlers" "mutate_cols" "mutate.data.frame" "mutate" "ungroup" ".External2" "%>%" "sub_ben_proj_func" 
".Call" "eval" "mask$eval_all_mutate" "mutate_col" "withCallingHandlers" "mutate_cols" "mutate.data.frame" "mutate" "ungroup" ".External2" "%>%" "sub_ben_proj_func" 
".Call" "eval" "mask$eval_all_mutate" "mutate_col" "withCallingHandlers" "mutate_cols" "mutate.data.frame" "mutate" "ungroup" ".External2" "%>%" "sub_ben_proj_func" 
"*" ".Call" "eval" "mask$eval_all_mutate" "mutate_col" "withCallingHandlers" "mutate_cols" "mutate.data.frame" "mutate" "ungroup" ".External2" "%>%" "sub_ben_proj_func" 
"list_unchop" "mutate_col" "withCallingHandlers" "mutate_cols" "mutate.data.frame" "mutate" "ungroup" ".External2" "%>%" "sub_ben_proj_func" 
"vec_slice" ".row_names_info" "%||%" "dplyr_new_data_frame" "dplyr_reconstruct" "dplyr_row_slice.data.frame" "dplyr_row_slice" "arrange.data.frame" "arrange" ".External2" "%>%" "sub_ben_proj_func" 
sample.interval=100000
"*" ".Call" "eval" "mask$eval_all_mutate" "mutate_col" "withCallingHandlers" "mutate_cols" "mutate.data.frame" "mutate" "group_by" "mutate" "ungroup" ".External2" "%>%" "sub_ben_proj_func" 
"new_tibble" "new_grouped_df" "grouped_df" "group_by.data.frame" "group_by" "mutate" "ungroup" ".External2" "%>%" "sub_ben_proj_func" 
".Call" "eval" "mask$eval_all_mutate" "mutate_col" "withCallingHandlers" "mutate_cols" "mutate.data.frame" "mutate" "ungroup" ".External2" "%>%" "sub_ben_proj_func" 
".Call" "eval" "mask$eval_all_mutate" "mutate_col" "withCallingHandlers" "mutate_cols" "mutate.data.frame" "mutate" "ungroup" ".External2" "%>%" "sub_ben_proj_func" 
"<Anonymous>" "<Anonymous>" ".Call" "eval" "mask$eval_all_mutate" "mutate_col" "withCallingHandlers" "mutate_cols" "mutate.data.frame" "mutate" "ungroup" ".External2" "%>%" "sub_ben_proj_func" 
".Call" "eval" "mask$eval_all_mutate" "mutate_col" "withCallingHandlers" "mutate_cols" "mutate.data.frame" "mutate" "ungroup" ".External2" "%>%" "sub_ben_proj_func" 
"*" ".Call" "eval" "mask$eval_all_mutate" "mutate_col" "withCallingHandlers" "mutate_cols" "mutate.data.frame" "mutate" "arrange" ".External2" "%>%" "sub_ben_proj_func" 
"vec_slice" ".row_names_info" "%||%" "dplyr_new_data_frame" "dplyr_reconstruct" "dplyr_row_slice.data.frame" "dplyr_row_slice" "arrange.data.frame" "arrange" ".External2" "%>%" "sub_ben_proj_func" 
